Flutter crash report; please file at https://github.com/flutter/flutter/issues.

## command

flutter emulators --create

## exception

ArgumentError: Invalid argument(s): Cannot find executable for null.

```
#0      _getExecutable (package:process/src/interface/local_process_manager.dart:127:5)
#1      LocalProcessManager.runSync (package:process/src/interface/local_process_manager.dart:94:30)
#2      _DefaultProcessUtils.runSync (package:flutter_tools/src/base/process.dart:368:50)
#3      EmulatorManager._getPreferredAvailableDevice (package:flutter_tools/src/emulator.dart:144:46)
#4      EmulatorManager.createEmulator (package:flutter_tools/src/emulator.dart:82:33)
<asynchronous suspension>
#5      EmulatorsCommand._createEmulator (package:flutter_tools/src/commands/emulators.dart:88:31)
#6      EmulatorsCommand.runCommand (package:flutter_tools/src/commands/emulators.dart:49:13)
#7      FlutterCommand.verifyThenRunCommand (package:flutter_tools/src/runner/flutter_command.dart:615:18)
#8      _asyncThenWrapperHelper.<anonymous closure> (dart:async-patch/async_patch.dart:73:64)
#9      _rootRunUnary (dart:async/zone.dart:1134:38)
#10     _CustomZone.runUnary (dart:async/zone.dart:1031:19)
#11     _FutureListener.handleValue (dart:async/future_impl.dart:139:18)
#12     Future._propagateToListeners.handleValueCallback (dart:async/future_impl.dart:680:45)
#13     Future._propagateToListeners (dart:async/future_impl.dart:709:32)
#14     Future._completeWithValue (dart:async/future_impl.dart:524:5)
#15     Future._asyncComplete.<anonymous closure> (dart:async/future_impl.dart:554:7)
#16     _rootRun (dart:async/zone.dart:1126:13)
#17     _CustomZone.run (dart:async/zone.dart:1023:19)
#18     _CustomZone.runGuarded (dart:async/zone.dart:925:7)
#19     _CustomZone.bindCallbackGuarded.<anonymous closure> (dart:async/zone.dart:965:23)
#20     _microtaskLoop (dart:async/schedule_microtask.dart:43:21)
#21     _startMicrotaskLoop (dart:async/schedule_microtask.dart:52:5)
#22     _runPendingImmediateCallback (dart:isolate-patch/isolate_patch.dart:118:13)
#23     _RawReceivePortImpl._handleMessage (dart:isolate-patch/isolate_patch.dart:175:5)
```

## flutter doctor

```
[32m[✓][39m Flutter (Channel stable, v1.12.13+hotfix.8, on Linux, locale pt_BR.UTF-8)
    [32m•[39m Flutter version 1.12.13+hotfix.8 at /home/jonas/programas/flutter
    [32m•[39m Framework revision 0b8abb4724 (7 weeks ago), 2020-02-11 11:44:36 -0800
    [32m•[39m Engine revision e1e6ced81d
    [32m•[39m Dart version 2.7.0

[33m[!][39m Android toolchain - develop for Android devices (Android SDK version 29.0.3)
    [32m•[39m Android SDK at /home/jonas/Android/Sdk
    [32m•[39m Android NDK location not configured (optional; useful for native profiling support)
    [32m•[39m Platform android-29, build-tools 29.0.3
    [32m•[39m Java binary at: /home/jonas/programas/android-studio/jre/bin/java
    [32m•[39m Java version OpenJDK Runtime Environment (build 1.8.0_212-release-1586-b4-5784211)
    [31m✗[39m Android license status unknown.
      Try re-installing or updating your Android SDK Manager.
      See https://developer.android.com/studio/#downloads or visit https://flutter.dev/setup/#android-setup for detailed instructions.

[32m[✓][39m Android Studio (version 3.6)
    [32m•[39m Android Studio at /home/jonas/programas/android-studio
    [32m•[39m Flutter plugin version 44.0.2
    [32m•[39m Dart plugin version 192.7761
    [32m•[39m Java version OpenJDK Runtime Environment (build 1.8.0_212-release-1586-b4-5784211)

[33m[!][39m Connected device
    [33m![39m No devices available

[33m![39m Doctor found issues in 2 categories.
```
